<?xml version="1.0" encoding="UTF-8"?>
<testsuites name="jest tests" tests="507" failures="0" errors="0" time="5.898">
  <testsuite name="validationSchema" errors="0" failures="0" skipped="0" timestamp="2023-11-06T17:12:57" time="1.091" tests="6">
    <testcase classname="validationSchema On validation error - Required - Returns the correct error message" name="validationSchema On validation error - Required - Returns the correct error message" time="0.01">
    </testcase>
    <testcase classname="validationSchema On validation error - Valid - Returns the correct error message" name="validationSchema On validation error - Valid - Returns the correct error message" time="0.003">
    </testcase>
    <testcase classname="validationSchema On validation error - OTHER with no value - Returns the correct error message" name="validationSchema On validation error - OTHER with no value - Returns the correct error message" time="0.001">
    </testcase>
    <testcase classname="validationSchema On validation error - OTHER with value length &gt; 200 - Returns the correct error message" name="validationSchema On validation error - OTHER with value length &gt; 200 - Returns the correct error message" time="0.001">
    </testcase>
    <testcase classname="validationSchema On validation success - Returns no errors" name="validationSchema On validation success - Returns no errors" time="0.002">
    </testcase>
    <testcase classname="validationSchema On validation success - OTHER with value - Returns no errors" name="validationSchema On validation success - OTHER with value - Returns no errors" time="0.001">
    </testcase>
  </testsuite>
  <testsuite name="InPrisonEducationController" errors="0" failures="0" skipped="0" timestamp="2023-11-06T17:12:57" time="1.8" tests="7">
    <testcase classname="InPrisonEducationController #get(req, res) On error - Calls next with error" name="InPrisonEducationController #get(req, res) On error - Calls next with error" time="0.01">
    </testcase>
    <testcase classname="InPrisonEducationController #get(req, res) On success - No record found - Redirects to hopingToGetWork" name="InPrisonEducationController #get(req, res) On success - No record found - Redirects to hopingToGetWork" time="0.002">
    </testcase>
    <testcase classname="InPrisonEducationController #get(req, res) On success - Record found - Calls render with the correct data" name="InPrisonEducationController #get(req, res) On success - Record found - Calls render with the correct data" time="0.003">
    </testcase>
    <testcase classname="InPrisonEducationController #post(req, res) On error - Calls next with error" name="InPrisonEducationController #post(req, res) On error - Calls next with error" time="0">
    </testcase>
    <testcase classname="InPrisonEducationController #post(req, res) On validation error - Calls render with the correct data" name="InPrisonEducationController #post(req, res) On validation error - Calls render with the correct data" time="0.001">
    </testcase>
    <testcase classname="InPrisonEducationController #post(req, res) On success - mode = new - Sets session record then redirects to checkYourAnswers" name="InPrisonEducationController #post(req, res) On success - mode = new - Sets session record then redirects to checkYourAnswers" time="0.002">
    </testcase>
    <testcase classname="InPrisonEducationController #post(req, res) On success - mode = update - calls api and redirects to learning profile" name="InPrisonEducationController #post(req, res) On success - mode = update - calls api and redirects to learning profile" time="0.001">
    </testcase>
  </testsuite>
  <testsuite name="InPrisonWorkController" errors="0" failures="0" skipped="0" timestamp="2023-11-06T17:12:57" time="1.788" tests="8">
    <testcase classname="InPrisonWorkController #get(req, res) On error - Calls next with error" name="InPrisonWorkController #get(req, res) On error - Calls next with error" time="0.01">
    </testcase>
    <testcase classname="InPrisonWorkController #get(req, res) On success - No record found - Redirects to hopingToGetWork" name="InPrisonWorkController #get(req, res) On success - No record found - Redirects to hopingToGetWork" time="0.002">
    </testcase>
    <testcase classname="InPrisonWorkController #get(req, res) On success - Record found - Calls render with the correct data" name="InPrisonWorkController #get(req, res) On success - Record found - Calls render with the correct data" time="0.002">
    </testcase>
    <testcase classname="InPrisonWorkController #post(req, res) On error - Calls next with error" name="InPrisonWorkController #post(req, res) On error - Calls next with error" time="0.001">
    </testcase>
    <testcase classname="InPrisonWorkController #post(req, res) On validation error - Calls render with the correct data" name="InPrisonWorkController #post(req, res) On validation error - Calls render with the correct data" time="0.001">
    </testcase>
    <testcase classname="InPrisonWorkController #post(req, res) On success - mode = new - Sets session record then redirects to inPrisonEducation" name="InPrisonWorkController #post(req, res) On success - mode = new - Sets session record then redirects to inPrisonEducation" time="0.002">
    </testcase>
    <testcase classname="InPrisonWorkController #post(req, res) On success - mode = edit - Sets session record then redirects to checkYourAnswers" name="InPrisonWorkController #post(req, res) On success - mode = edit - Sets session record then redirects to checkYourAnswers" time="0.001">
    </testcase>
    <testcase classname="InPrisonWorkController #post(req, res) On success - mode = update - calls api and redirects to learning profile" name="InPrisonWorkController #post(req, res) On success - mode = update - calls api and redirects to learning profile" time="0.001">
    </testcase>
  </testsuite>
  <testsuite name="ParticularJobInterestsController" errors="0" failures="0" skipped="0" timestamp="2023-11-06T17:12:57" time="1.803" tests="8">
    <testcase classname="ParticularJobInterestsController #get(req, res) On error - Calls next with error" name="ParticularJobInterestsController #get(req, res) On error - Calls next with error" time="0.009">
    </testcase>
    <testcase classname="ParticularJobInterestsController #get(req, res) On success - No record found - Redirects to hopingToGetWork" name="ParticularJobInterestsController #get(req, res) On success - No record found - Redirects to hopingToGetWork" time="0.002">
    </testcase>
    <testcase classname="ParticularJobInterestsController #get(req, res) On success - Record found - Calls render with the correct data" name="ParticularJobInterestsController #get(req, res) On success - Record found - Calls render with the correct data" time="0.002">
    </testcase>
    <testcase classname="ParticularJobInterestsController #post(req, res) On error - Calls next with error" name="ParticularJobInterestsController #post(req, res) On error - Calls next with error" time="0.001">
    </testcase>
    <testcase classname="ParticularJobInterestsController #post(req, res) On validation error - Calls render with the correct data" name="ParticularJobInterestsController #post(req, res) On validation error - Calls render with the correct data" time="0.001">
    </testcase>
    <testcase classname="ParticularJobInterestsController #post(req, res) On success - mode = new - Sets session record then redirects to skills" name="ParticularJobInterestsController #post(req, res) On success - mode = new - Sets session record then redirects to skills" time="0.001">
    </testcase>
    <testcase classname="ParticularJobInterestsController #post(req, res) On success - mode = edit - Sets session record then redirects to checkYourAnswers" name="ParticularJobInterestsController #post(req, res) On success - mode = edit - Sets session record then redirects to checkYourAnswers" time="0.002">
    </testcase>
    <testcase classname="ParticularJobInterestsController #post(req, res) On success - mode = update - calls api and redirects to learning profile" name="ParticularJobInterestsController #post(req, res) On success - mode = update - calls api and redirects to learning profile" time="0.002">
    </testcase>
  </testsuite>
  <testsuite name="WorkDetailsController" errors="0" failures="0" skipped="0" timestamp="2023-11-06T17:12:57" time="1.85" tests="10">
    <testcase classname="WorkDetailsController #get(req, res) On error - Calls next with error" name="WorkDetailsController #get(req, res) On error - Calls next with error" time="0.011">
    </testcase>
    <testcase classname="WorkDetailsController #get(req, res) On success - No record found - Redirects to hopingToGetWork" name="WorkDetailsController #get(req, res) On success - No record found - Redirects to hopingToGetWork" time="0.002">
    </testcase>
    <testcase classname="WorkDetailsController #get(req, res) On success - Record found - Calls render with the correct data" name="WorkDetailsController #get(req, res) On success - Record found - Calls render with the correct data" time="0.003">
    </testcase>
    <testcase classname="WorkDetailsController #post(req, res) On error - Calls next with error" name="WorkDetailsController #post(req, res) On error - Calls next with error" time="0.001">
    </testcase>
    <testcase classname="WorkDetailsController #post(req, res) On validation error - Calls render with the correct data" name="WorkDetailsController #post(req, res) On validation error - Calls render with the correct data" time="0.001">
    </testcase>
    <testcase classname="WorkDetailsController #post(req, res) On success - Last typeOfWorkExperience - Sets session record then redirects to workInterests" name="WorkDetailsController #post(req, res) On success - Last typeOfWorkExperience - Sets session record then redirects to workInterests" time="0.003">
    </testcase>
    <testcase classname="WorkDetailsController #post(req, res) On success - Not last typeOfWorkExperience - Sets session record then redirects to workDetails" name="WorkDetailsController #post(req, res) On success - Not last typeOfWorkExperience - Sets session record then redirects to workDetails" time="0.001">
    </testcase>
    <testcase classname="WorkDetailsController #post(req, res) On success - Not last typeOfWorkExperience - mode === edit - Sets session record then redirects to workDetails" name="WorkDetailsController #post(req, res) On success - Not last typeOfWorkExperience - mode === edit - Sets session record then redirects to workDetails" time="0.002">
    </testcase>
    <testcase classname="WorkDetailsController #post(req, res) On success - Last typeOfWorkExperience - mode === edit - Sets session record then redirects to checkYourAnswers" name="WorkDetailsController #post(req, res) On success - Last typeOfWorkExperience - mode === edit - Sets session record then redirects to checkYourAnswers" time="0.004">
    </testcase>
    <testcase classname="WorkDetailsController #post(req, res) On success - mode = update - calls api and redirects to learning profile" name="WorkDetailsController #post(req, res) On success - mode = update - calls api and redirects to learning profile" time="0.001">
    </testcase>
  </testsuite>
  <testsuite name="QualificationLevelController" errors="0" failures="0" skipped="0" timestamp="2023-11-06T17:12:57" time="1.837" tests="7">
    <testcase classname="QualificationLevelController #get(req, res) On error - Calls next with error" name="QualificationLevelController #get(req, res) On error - Calls next with error" time="0.012">
    </testcase>
    <testcase classname="QualificationLevelController #get(req, res) On success - No record found - Redirects to hopingToGetWork" name="QualificationLevelController #get(req, res) On success - No record found - Redirects to hopingToGetWork" time="0.002">
    </testcase>
    <testcase classname="QualificationLevelController #get(req, res) On success - Record found - Calls render with the correct data" name="QualificationLevelController #get(req, res) On success - Record found - Calls render with the correct data" time="0.002">
    </testcase>
    <testcase classname="QualificationLevelController #post(req, res) On error - Calls next with error" name="QualificationLevelController #post(req, res) On error - Calls next with error" time="0.001">
    </testcase>
    <testcase classname="QualificationLevelController #post(req, res) On validation error - Calls render with the correct data" name="QualificationLevelController #post(req, res) On validation error - Calls render with the correct data" time="0.002">
    </testcase>
    <testcase classname="QualificationLevelController #post(req, res) On success - Sets session record then redirects to qualificationDetails" name="QualificationLevelController #post(req, res) On success - Sets session record then redirects to qualificationDetails" time="0.002">
    </testcase>
    <testcase classname="QualificationLevelController #post(req, res) On success - Sets session record then redirects to qualificationDetails" name="QualificationLevelController #post(req, res) On success - Sets session record then redirects to qualificationDetails" time="0.002">
    </testcase>
  </testsuite>
  <testsuite name="HopingToGetWorkController" errors="0" failures="0" skipped="0" timestamp="2023-11-06T17:12:57" time="1.866" tests="10">
    <testcase classname="HopingToGetWorkController #get(req, res) On error - Calls next with error" name="HopingToGetWorkController #get(req, res) On error - Calls next with error" time="0.01">
    </testcase>
    <testcase classname="HopingToGetWorkController #get(req, res) On success - Calls render with the correct data" name="HopingToGetWorkController #get(req, res) On success - Calls render with the correct data" time="0.003">
    </testcase>
    <testcase classname="HopingToGetWorkController #post(req, res) On error - Calls next with error" name="HopingToGetWorkController #post(req, res) On error - Calls next with error" time="0.001">
    </testcase>
    <testcase classname="HopingToGetWorkController #post(req, res) On validation error - Calls render with the correct data" name="HopingToGetWorkController #post(req, res) On validation error - Calls render with the correct data" time="0.002">
    </testcase>
    <testcase classname="HopingToGetWorkController #post(req, res) On success - hopingToGetWork = YES - Sets session record then redirects to supportOptIn" name="HopingToGetWorkController #post(req, res) On success - hopingToGetWork = YES - Sets session record then redirects to supportOptIn" time="0.001">
    </testcase>
    <testcase classname="HopingToGetWorkController #post(req, res) On success - hopingToGetWork = NO - Sets session record then redirects to ineligableToWork" name="HopingToGetWorkController #post(req, res) On success - hopingToGetWork = NO - Sets session record then redirects to ineligableToWork" time="0.001">
    </testcase>
    <testcase classname="HopingToGetWorkController #post(req, res) On success - hopingToGetWork = NOT_SURE - Sets session record then redirects to checkYourAnswers" name="HopingToGetWorkController #post(req, res) On success - hopingToGetWork = NOT_SURE - Sets session record then redirects to checkYourAnswers" time="0.001">
    </testcase>
    <testcase classname="HopingToGetWorkController #post(req, res) On success - EDIT - hopingToGetWork no logic change - Sets session record then redirects to checkYourAnswers" name="HopingToGetWorkController #post(req, res) On success - EDIT - hopingToGetWork no logic change - Sets session record then redirects to checkYourAnswers" time="0">
    </testcase>
    <testcase classname="HopingToGetWorkController #post(req, res) On success - EDIT - hopingToGetWork change to POSITIVE - Sets session record then redirects to checkYourAnswers" name="HopingToGetWorkController #post(req, res) On success - EDIT - hopingToGetWork change to POSITIVE - Sets session record then redirects to checkYourAnswers" time="0">
    </testcase>
    <testcase classname="HopingToGetWorkController #post(req, res) On success - EDIT - hopingToGetWork change to NEGATIVE - Sets session record then redirects to checkYourAnswers" name="HopingToGetWorkController #post(req, res) On success - EDIT - hopingToGetWork change to NEGATIVE - Sets session record then redirects to checkYourAnswers" time="0.001">
    </testcase>
  </testsuite>
  <testsuite name="AdditionalTrainingController" errors="0" failures="0" skipped="0" timestamp="2023-11-06T17:12:57" time="1.864" tests="8">
    <testcase classname="AdditionalTrainingController #get(req, res) On error - Calls next with error" name="AdditionalTrainingController #get(req, res) On error - Calls next with error" time="0.011">
    </testcase>
    <testcase classname="AdditionalTrainingController #get(req, res) On success - No record found - Redirects to hopingToGetWork" name="AdditionalTrainingController #get(req, res) On success - No record found - Redirects to hopingToGetWork" time="0.002">
    </testcase>
    <testcase classname="AdditionalTrainingController #get(req, res) On success - Record found - Calls render with the correct data" name="AdditionalTrainingController #get(req, res) On success - Record found - Calls render with the correct data" time="0.003">
    </testcase>
    <testcase classname="AdditionalTrainingController #post(req, res) On error - Calls next with error" name="AdditionalTrainingController #post(req, res) On error - Calls next with error" time="0.001">
    </testcase>
    <testcase classname="AdditionalTrainingController #post(req, res) On validation error - Calls render with the correct data" name="AdditionalTrainingController #post(req, res) On validation error - Calls render with the correct data" time="0.004">
    </testcase>
    <testcase classname="AdditionalTrainingController #post(req, res) On success - mode = new - Sets session record then redirects to hasWorkedBefore" name="AdditionalTrainingController #post(req, res) On success - mode = new - Sets session record then redirects to hasWorkedBefore" time="0.002">
    </testcase>
    <testcase classname="AdditionalTrainingController #post(req, res) On success - mode = edit - Sets session record then redirects to checkYourAnswers" name="AdditionalTrainingController #post(req, res) On success - mode = edit - Sets session record then redirects to checkYourAnswers" time="0.001">
    </testcase>
    <testcase classname="AdditionalTrainingController On success - mode = update - calls api and redirects to learning profile" name="AdditionalTrainingController On success - mode = update - calls api and redirects to learning profile" time="0.003">
    </testcase>
  </testsuite>
  <testsuite name="EducationLevelController" errors="0" failures="0" skipped="0" timestamp="2023-11-06T17:12:57" time="1.857" tests="15">
    <testcase classname="EducationLevelController #get(req, res) On error - Calls next with error" name="EducationLevelController #get(req, res) On error - Calls next with error" time="0.016">
    </testcase>
    <testcase classname="EducationLevelController #get(req, res) On success - No record found - Redirects to hopingToGetWork" name="EducationLevelController #get(req, res) On success - No record found - Redirects to hopingToGetWork" time="0.002">
    </testcase>
    <testcase classname="EducationLevelController #get(req, res) On success - Record found - Calls render with the correct data" name="EducationLevelController #get(req, res) On success - Record found - Calls render with the correct data" time="0.002">
    </testcase>
    <testcase classname="EducationLevelController #post(req, res) On error - Calls next with error" name="EducationLevelController #post(req, res) On error - Calls next with error" time="0.001">
    </testcase>
    <testcase classname="EducationLevelController #post(req, res) On validation error - Calls render with the correct data" name="EducationLevelController #post(req, res) On validation error - Calls render with the correct data" time="0.001">
    </testcase>
    <testcase classname="EducationLevelController #post(req, res) On success - educationLevel = NOT_SURE - Sets session record then redirects to additionalTraining" name="EducationLevelController #post(req, res) On success - educationLevel = NOT_SURE - Sets session record then redirects to additionalTraining" time="0.001">
    </testcase>
    <testcase classname="EducationLevelController #post(req, res) On success - educationLevel = PRIMARY_SCHOOL - Sets session record then redirects to additionalTraining" name="EducationLevelController #post(req, res) On success - educationLevel = PRIMARY_SCHOOL - Sets session record then redirects to additionalTraining" time="0.001">
    </testcase>
    <testcase classname="EducationLevelController #post(req, res) On success - educationLevel = SECONDARY_SCHOOL_LEFT_BEFORE_TAKING_EXAMS - Sets session record then redirects to additionalTraining" name="EducationLevelController #post(req, res) On success - educationLevel = SECONDARY_SCHOOL_LEFT_BEFORE_TAKING_EXAMS - Sets session record then redirects to additionalTraining" time="0.001">
    </testcase>
    <testcase classname="EducationLevelController #post(req, res) On success - educationLevel = SECONDARY_SCHOOL_TOOK_EXAMS - Sets session record then redirects to qualificationLevel" name="EducationLevelController #post(req, res) On success - educationLevel = SECONDARY_SCHOOL_TOOK_EXAMS - Sets session record then redirects to qualificationLevel" time="0.001">
    </testcase>
    <testcase classname="EducationLevelController #post(req, res) On success - educationLevel = FURTHER_EDUCATION_COLLEGE - Sets session record then redirects to qualificationLevel" name="EducationLevelController #post(req, res) On success - educationLevel = FURTHER_EDUCATION_COLLEGE - Sets session record then redirects to qualificationLevel" time="0.001">
    </testcase>
    <testcase classname="EducationLevelController #post(req, res) On success - educationLevel = UNDERGRADUATE_DEGREE_AT_UNIVERSITY - Sets session record then redirects to qualificationDetails" name="EducationLevelController #post(req, res) On success - educationLevel = UNDERGRADUATE_DEGREE_AT_UNIVERSITY - Sets session record then redirects to qualificationDetails" time="0.001">
    </testcase>
    <testcase classname="EducationLevelController #post(req, res) On success - educationLevel = POSTGRADUATE_DEGREE_AT_UNIVERSITY - Sets session record then redirects to qualificationDetails" name="EducationLevelController #post(req, res) On success - educationLevel = POSTGRADUATE_DEGREE_AT_UNIVERSITY - Sets session record then redirects to qualificationDetails" time="0.001">
    </testcase>
    <testcase classname="EducationLevelController #post(req, res) On success - educationLevel = SECONDARY_SCHOOL_LEFT_BEFORE_TAKING_EXAMS - mode === edit - Sets session record then redirects to checkYourAnswers" name="EducationLevelController #post(req, res) On success - educationLevel = SECONDARY_SCHOOL_LEFT_BEFORE_TAKING_EXAMS - mode === edit - Sets session record then redirects to checkYourAnswers" time="0.001">
    </testcase>
    <testcase classname="EducationLevelController #post(req, res) On success - mode = update - calls api and redirects to learning profile" name="EducationLevelController #post(req, res) On success - mode = update - calls api and redirects to learning profile" time="0.002">
    </testcase>
    <testcase classname="EducationLevelController #post(req, res) On success - mode = update - higher level - calls api and redirects to qualificationLevel" name="EducationLevelController #post(req, res) On success - mode = update - higher level - calls api and redirects to qualificationLevel" time="0.001">
    </testcase>
  </testsuite>
  <testsuite name="QualificationDetailsController" errors="0" failures="0" skipped="0" timestamp="2023-11-06T17:12:57" time="1.862" tests="7">
    <testcase classname="QualificationDetailsController #get(req, res) On error - Calls next with error" name="QualificationDetailsController #get(req, res) On error - Calls next with error" time="0.011">
    </testcase>
    <testcase classname="QualificationDetailsController #get(req, res) On success - No record found - Redirects to hopingToGetWork" name="QualificationDetailsController #get(req, res) On success - No record found - Redirects to hopingToGetWork" time="0.002">
    </testcase>
    <testcase classname="QualificationDetailsController #get(req, res) On success - Record found - Calls render with the correct data" name="QualificationDetailsController #get(req, res) On success - Record found - Calls render with the correct data" time="0.002">
    </testcase>
    <testcase classname="QualificationDetailsController #post(req, res) On error - Calls next with error" name="QualificationDetailsController #post(req, res) On error - Calls next with error" time="0.001">
    </testcase>
    <testcase classname="QualificationDetailsController #post(req, res) On validation error - Calls render with the correct data" name="QualificationDetailsController #post(req, res) On validation error - Calls render with the correct data" time="0.001">
    </testcase>
    <testcase classname="QualificationDetailsController #post(req, res) On success - Sets session record then redirects to qualificationDetails" name="QualificationDetailsController #post(req, res) On success - Sets session record then redirects to qualificationDetails" time="0.002">
    </testcase>
    <testcase classname="QualificationDetailsController #post(req, res) On success - mode = update - Calls API then redirects to qualificationDetails" name="QualificationDetailsController #post(req, res) On success - mode = update - Calls API then redirects to qualificationDetails" time="0.002">
    </testcase>
  </testsuite>
  <testsuite name="WantsToAddQualificationsController" errors="0" failures="0" skipped="0" timestamp="2023-11-06T17:12:57" time="1.942" tests="11">
    <testcase classname="WantsToAddQualificationsController #get(req, res) On error - Calls next with error" name="WantsToAddQualificationsController #get(req, res) On error - Calls next with error" time="0.014">
    </testcase>
    <testcase classname="WantsToAddQualificationsController #get(req, res) On success - No Record - Redirects to hopingToGetWork" name="WantsToAddQualificationsController #get(req, res) On success - No Record - Redirects to hopingToGetWork" time="0.002">
    </testcase>
    <testcase classname="WantsToAddQualificationsController #get(req, res) On success - Record found - not hopingTooGetWork - Redirects to hopingToGetWork" name="WantsToAddQualificationsController #get(req, res) On success - Record found - not hopingTooGetWork - Redirects to hopingToGetWork" time="0.001">
    </testcase>
    <testcase classname="WantsToAddQualificationsController #get(req, res) On success - Record found - YES - Calls render with the correct data" name="WantsToAddQualificationsController #get(req, res) On success - Record found - YES - Calls render with the correct data" time="0.001">
    </testcase>
    <testcase classname="WantsToAddQualificationsController #post(req, res) On error - Calls next with error" name="WantsToAddQualificationsController #post(req, res) On error - Calls next with error" time="0.001">
    </testcase>
    <testcase classname="WantsToAddQualificationsController #post(req, res) On validation error - Calls render with the correct data" name="WantsToAddQualificationsController #post(req, res) On validation error - Calls render with the correct data" time="0.002">
    </testcase>
    <testcase classname="WantsToAddQualificationsController #post(req, res) On success - new - wantsToAddQualifications === YES - Redirects to educationLevel" name="WantsToAddQualificationsController #post(req, res) On success - new - wantsToAddQualifications === YES - Redirects to educationLevel" time="0.002">
    </testcase>
    <testcase classname="WantsToAddQualificationsController #post(req, res) On success - new - wantsToAddQualifications === NO - Redirects to additionalTraining" name="WantsToAddQualificationsController #post(req, res) On success - new - wantsToAddQualifications === NO - Redirects to additionalTraining" time="0.001">
    </testcase>
    <testcase classname="WantsToAddQualificationsController #post(req, res) On success - edit - no change - Redirects to checkYourAnswers" name="WantsToAddQualificationsController #post(req, res) On success - edit - no change - Redirects to checkYourAnswers" time="0.001">
    </testcase>
    <testcase classname="WantsToAddQualificationsController #post(req, res) On success - edit - change to wantsToAddQualifications === NO - Redirects to checkYourAnswers" name="WantsToAddQualificationsController #post(req, res) On success - edit - change to wantsToAddQualifications === NO - Redirects to checkYourAnswers" time="0">
    </testcase>
    <testcase classname="WantsToAddQualificationsController #post(req, res) On success - edit - change to wantsToAddQualifications === YES - Redirects to qualificationLevel" name="WantsToAddQualificationsController #post(req, res) On success - edit - change to wantsToAddQualifications === YES - Redirects to qualificationLevel" time="0">
    </testcase>
  </testsuite>
  <testsuite name="Service healthcheck" errors="0" failures="0" skipped="0" timestamp="2023-11-06T17:12:57" time="1.966" tests="5">
    <testcase classname="Service healthcheck Check healthy Should return data from api" name="Service healthcheck Check healthy Should return data from api" time="0.033">
    </testcase>
    <testcase classname="Service healthcheck Check unhealthy Should throw error from api" name="Service healthcheck Check unhealthy Should throw error from api" time="0.074">
    </testcase>
    <testcase classname="Service healthcheck Check healthy retry test Should retry twice if request fails" name="Service healthcheck Check healthy retry test Should retry twice if request fails" time="0.013">
    </testcase>
    <testcase classname="Service healthcheck Check healthy retry test Should retry twice if request times out" name="Service healthcheck Check healthy retry test Should retry twice if request times out" time="0.211">
    </testcase>
    <testcase classname="Service healthcheck Check healthy retry test Should fail if request times out three times" name="Service healthcheck Check healthy retry test Should fail if request times out three times" time="0.319">
    </testcase>
  </testsuite>
  <testsuite name="curiousApi" errors="0" failures="0" skipped="0" timestamp="2023-11-06T17:12:57" time="2.042" tests="9">
    <testcase classname="curiousApi getLearnerProfiles should return the expected response data" name="curiousApi getLearnerProfiles should return the expected response data" time="0.034">
    </testcase>
    <testcase classname="curiousApi getLearnerProfiles should return the expected response data with establishmentid in query" name="curiousApi getLearnerProfiles should return the expected response data with establishmentid in query" time="0.023">
    </testcase>
    <testcase classname="curiousApi getLearnerEducation should return the expected response data" name="curiousApi getLearnerEducation should return the expected response data" time="0.007">
    </testcase>
    <testcase classname="curiousApi getLearnerEducation should call the api with the correct parameters" name="curiousApi getLearnerEducation should call the api with the correct parameters" time="0.011">
    </testcase>
    <testcase classname="curiousApi getLearnerLatestAssessments should return the expected response data" name="curiousApi getLearnerLatestAssessments should return the expected response data" time="0.005">
    </testcase>
    <testcase classname="curiousApi getLearnerGoals should return the expected response data" name="curiousApi getLearnerGoals should return the expected response data" time="0.007">
    </testcase>
    <testcase classname="curiousApi getLearnerEmployabilitySkills should return the expected response data" name="curiousApi getLearnerEmployabilitySkills should return the expected response data" time="0.005">
    </testcase>
    <testcase classname="curiousApi getLearnerNeurodivergence should return the expected neurodivergence data" name="curiousApi getLearnerNeurodivergence should return the expected neurodivergence data" time="0.004">
    </testcase>
    <testcase classname="curiousApi getLearnerNeurodivergence should return the expected neurodivergence data with establishment id in the query" name="curiousApi getLearnerNeurodivergence should return the expected neurodivergence data with establishment id in the query" time="0.006">
    </testcase>
  </testsuite>
  <testsuite name="CiagListController" errors="0" failures="0" skipped="0" timestamp="2023-11-06T17:12:58" time="0.989" tests="7">
    <testcase classname="CiagListController #get(req, res) Should create a new instance" name="CiagListController #get(req, res) Should create a new instance" time="0.002">
    </testcase>
    <testcase classname="CiagListController #get(req, res) On error - Calls next with error" name="CiagListController #get(req, res) On error - Calls next with error" time="0.005">
    </testcase>
    <testcase classname="CiagListController #get(req, res) On success - records found - call renders with the correct data" name="CiagListController #get(req, res) On success - records found - call renders with the correct data" time="0.004">
    </testcase>
    <testcase classname="CiagListController #post(req, res) Should create a new instance" name="CiagListController #post(req, res) Should create a new instance" time="0">
    </testcase>
    <testcase classname="CiagListController #post(req, res) On error - Calls next with error" name="CiagListController #post(req, res) On error - Calls next with error" time="0.03">
    </testcase>
    <testcase classname="CiagListController #post(req, res) On validation error - Calls render with correct data" name="CiagListController #post(req, res) On validation error - Calls render with correct data" time="0.002">
    </testcase>
    <testcase classname="CiagListController #post(req, res) On successful POST - call renders with the correct data" name="CiagListController #post(req, res) On successful POST - call renders with the correct data" time="0.006">
    </testcase>
  </testsuite>
  <testsuite name="QualificationsController" errors="0" failures="0" skipped="0" timestamp="2023-11-06T17:12:58" time="0.478" tests="10">
    <testcase classname="QualificationsController #get(req, res) On error - Calls next with error" name="QualificationsController #get(req, res) On error - Calls next with error" time="0.007">
    </testcase>
    <testcase classname="QualificationsController #get(req, res) On success - No Record - Redirects to hopingToGetWork" name="QualificationsController #get(req, res) On success - No Record - Redirects to hopingToGetWork" time="0.002">
    </testcase>
    <testcase classname="QualificationsController #get(req, res) On success - Record found - YES - Calls render with the correct data" name="QualificationsController #get(req, res) On success - Record found - YES - Calls render with the correct data" time="0.002">
    </testcase>
    <testcase classname="QualificationsController #post(req, res) On error - Calls next with error" name="QualificationsController #post(req, res) On error - Calls next with error" time="0.001">
    </testcase>
    <testcase classname="QualificationsController #post(req, res) On success - addQualification - Redirects to educationLevel" name="QualificationsController #post(req, res) On success - addQualification - Redirects to educationLevel" time="0.001">
    </testcase>
    <testcase classname="QualificationsController #post(req, res) On success - removeQualification - Redirects to educationLevel" name="QualificationsController #post(req, res) On success - removeQualification - Redirects to educationLevel" time="0.005">
    </testcase>
    <testcase classname="QualificationsController #post(req, res) On success - Continue - No qualifications - Redirects to educationLevel" name="QualificationsController #post(req, res) On success - Continue - No qualifications - Redirects to educationLevel" time="0.004">
    </testcase>
    <testcase classname="QualificationsController #post(req, res) On success - Continue - qualifications - Redirects to educationLevel" name="QualificationsController #post(req, res) On success - Continue - qualifications - Redirects to educationLevel" time="0.001">
    </testcase>
    <testcase classname="QualificationsController #post(req, res) On success - Edit - Continue - educationLevel - Redirects to checkYourAnswers" name="QualificationsController #post(req, res) On success - Edit - Continue - educationLevel - Redirects to checkYourAnswers" time="0.001">
    </testcase>
    <testcase classname="QualificationsController #post(req, res) On success - mode = update - redirects to learning profile" name="QualificationsController #post(req, res) On success - mode = update - redirects to learning profile" time="0.001">
    </testcase>
  </testsuite>
  <testsuite name="token verification api tests" errors="0" failures="0" skipped="0" timestamp="2023-11-06T17:12:59" time="0.342" tests="5">
    <testcase classname="token verification api tests POST requests Token verification disabled Token always considered valid" name="token verification api tests POST requests Token verification disabled Token always considered valid" time="0.006">
    </testcase>
    <testcase classname="token verification api tests POST requests Token Verification enabled Calls verify and parses response" name="token verification api tests POST requests Token Verification enabled Calls verify and parses response" time="0.017">
    </testcase>
    <testcase classname="token verification api tests POST requests Token Verification enabled Calls verify and parses inactive response" name="token verification api tests POST requests Token Verification enabled Calls verify and parses inactive response" time="0.005">
    </testcase>
    <testcase classname="token verification api tests POST requests Token Verification enabled Calls verify and parses no response" name="token verification api tests POST requests Token Verification enabled Calls verify and parses no response" time="0.005">
    </testcase>
    <testcase classname="token verification api tests POST requests Token Verification enabled Already verified" name="token verification api tests POST requests Token Verification enabled Already verified" time="0.002">
    </testcase>
  </testsuite>
  <testsuite name="HasWorkedBeforeController" errors="0" failures="0" skipped="0" timestamp="2023-11-06T17:12:59" time="0.512" tests="7">
    <testcase classname="HasWorkedBeforeController #get(req, res) On error - Calls next with error" name="HasWorkedBeforeController #get(req, res) On error - Calls next with error" time="0.005">
    </testcase>
    <testcase classname="HasWorkedBeforeController #get(req, res) On success - No record found - Redirects to hopingToGetWork" name="HasWorkedBeforeController #get(req, res) On success - No record found - Redirects to hopingToGetWork" time="0.002">
    </testcase>
    <testcase classname="HasWorkedBeforeController #get(req, res) On success - Record found - Calls render with the correct data" name="HasWorkedBeforeController #get(req, res) On success - Record found - Calls render with the correct data" time="0.002">
    </testcase>
    <testcase classname="HasWorkedBeforeController #post(req, res) On error - Calls next with error" name="HasWorkedBeforeController #post(req, res) On error - Calls next with error" time="0.001">
    </testcase>
    <testcase classname="HasWorkedBeforeController #post(req, res) On validation error - Calls render with the correct data" name="HasWorkedBeforeController #post(req, res) On validation error - Calls render with the correct data" time="0.001">
    </testcase>
    <testcase classname="HasWorkedBeforeController #post(req, res) On success - hasWorkedBefore = YES - Sets session record then redirects to typeOfWorkExperience" name="HasWorkedBeforeController #post(req, res) On success - hasWorkedBefore = YES - Sets session record then redirects to typeOfWorkExperience" time="0.001">
    </testcase>
    <testcase classname="HasWorkedBeforeController #post(req, res) On success - hasWorkedBefore = NO - Sets session record then redirects to workInterests" name="HasWorkedBeforeController #post(req, res) On success - hasWorkedBefore = NO - Sets session record then redirects to workInterests" time="0.007">
    </testcase>
  </testsuite>
  <testsuite name="AllocationManagerService" errors="0" failures="0" skipped="0" timestamp="2023-11-06T17:12:58" time="0.738" tests="1">
    <testcase classname="AllocationManagerService should return the POM details for the given offender" name="AllocationManagerService should return the POM details for the given offender" time="0.006">
    </testcase>
  </testsuite>
  <testsuite name="CommunityService" errors="0" failures="0" skipped="0" timestamp="2023-11-06T17:12:59" time="0.729" tests="3">
    <testcase classname="CommunityService getComForOffender returns undefined if no community manager found" name="CommunityService getComForOffender returns undefined if no community manager found" time="0.004">
    </testcase>
    <testcase classname="CommunityService getComForOffender returns staff details if community manager found" name="CommunityService getComForOffender returns staff details if community manager found" time="0.002">
    </testcase>
    <testcase classname="CommunityService getComForOffender returns fallback details if staff details not found" name="CommunityService getComForOffender returns fallback details if staff details not found" time="0.002">
    </testcase>
  </testsuite>
  <testsuite name="CiagService" errors="0" failures="0" skipped="0" timestamp="2023-11-06T17:12:58" time="0.762" tests="4">
    <testcase classname="CiagService should return CIAG plan for the offender" name="CiagService should return CIAG plan for the offender" time="0.008">
    </testcase>
    <testcase classname="CiagService should create a CiagPlan" name="CiagService should create a CiagPlan" time="0.003">
    </testcase>
    <testcase classname="CiagService should update a CiagPlan with given values" name="CiagService should update a CiagPlan with given values" time="0.001">
    </testcase>
    <testcase classname="CiagService should delete the ciagPlan for a given offenderId" name="CiagService should delete the ciagPlan for a given offenderId" time="0.001">
    </testcase>
  </testsuite>
  <testsuite name="populateCurrentUser middleware" errors="0" failures="0" skipped="0" timestamp="2023-11-06T17:12:58" time="0.768" tests="3">
    <testcase classname="populateCurrentUser middleware should call next function when no user is provided" name="populateCurrentUser middleware should call next function when no user is provided" time="0.003">
    </testcase>
    <testcase classname="populateCurrentUser middleware should populate user when valid token is provided" name="populateCurrentUser middleware should populate user when valid token is provided" time="0.002">
    </testcase>
    <testcase classname="populateCurrentUser middleware should log error and call next function when failed to retrieve user" name="populateCurrentUser middleware should log error and call next function when failed to retrieve user" time="0.002">
    </testcase>
  </testsuite>
  <testsuite name="populateUserDetails middleware" errors="0" failures="0" skipped="0" timestamp="2023-11-06T17:12:58" time="0.789" tests="4">
    <testcase classname="populateUserDetails middleware should call next if userDetails is already populated" name="populateUserDetails middleware should call next if userDetails is already populated" time="0.01">
    </testcase>
    <testcase classname="populateUserDetails middleware should set userDetails in res.locals and call next if user is found" name="populateUserDetails middleware should set userDetails in res.locals and call next if user is found" time="0.002">
    </testcase>
    <testcase classname="populateUserDetails middleware should log an error and redirect to /autherror if user details could not be retrieved" name="populateUserDetails middleware should log an error and redirect to /autherror if user details could not be retrieved" time="0.002">
    </testcase>
    <testcase classname="populateUserDetails middleware should log an error and call next if an error occurs" name="populateUserDetails middleware should log an error and call next if an error occurs" time="0.012">
    </testcase>
  </testsuite>
  <testsuite name="User service" errors="0" failures="0" skipped="0" timestamp="2023-11-06T17:12:58" time="0.837" tests="4">
    <testcase classname="User service getUser Retrieves and formats user name" name="User service getUser Retrieves and formats user name" time="0.004">
    </testcase>
    <testcase classname="User service getUser Propagates error" name="User service getUser Propagates error" time="0.002">
    </testcase>
    <testcase classname="User service getUserByUsername Retrieves and formats user name" name="User service getUserByUsername Retrieves and formats user name" time="0.001">
    </testcase>
    <testcase classname="User service getUserByUsername Propagates error" name="User service getUserByUsername Propagates error" time="0">
    </testcase>
  </testsuite>
  <testsuite name="curiousApi" errors="0" failures="0" skipped="0" timestamp="2023-11-06T17:12:58" time="0.882" tests="5">
    <testcase classname="curiousApi getLearnerEducation should return the expected response data" name="curiousApi getLearnerEducation should return the expected response data" time="0.023">
    </testcase>
    <testcase classname="curiousApi getLearnerLatestAssessments should return the expected response data" name="curiousApi getLearnerLatestAssessments should return the expected response data" time="0.007">
    </testcase>
    <testcase classname="curiousApi getLearnerEmployabilitySkills should return the expected employability skills data" name="curiousApi getLearnerEmployabilitySkills should return the expected employability skills data" time="0.006">
    </testcase>
    <testcase classname="curiousApi getLearnerNeurodivergence should return the expected neurodivergence data" name="curiousApi getLearnerNeurodivergence should return the expected neurodivergence data" time="0.006">
    </testcase>
    <testcase classname="curiousApi getLearnerNeurodivergence should return the expected neurodivergence data for a given establishment" name="curiousApi getLearnerNeurodivergence should return the expected neurodivergence data for a given establishment" time="0.005">
    </testcase>
  </testsuite>
  <testsuite name="KeyworkerService" errors="0" failures="0" skipped="0" timestamp="2023-11-06T17:12:59" time="0.732" tests="1">
    <testcase classname="KeyworkerService should return the keyworker details for the given offender" name="KeyworkerService should return the keyworker details for the given offender" time="0.007">
    </testcase>
  </testsuite>
  <testsuite name="ReasonToNotGetWorkController" errors="0" failures="0" skipped="0" timestamp="2023-11-06T17:12:59" time="0.679" tests="7">
    <testcase classname="ReasonToNotGetWorkController #get(req, res) On error - Calls next with error" name="ReasonToNotGetWorkController #get(req, res) On error - Calls next with error" time="0.007">
    </testcase>
    <testcase classname="ReasonToNotGetWorkController #get(req, res) On success - Calls render with the correct data" name="ReasonToNotGetWorkController #get(req, res) On success - Calls render with the correct data" time="0.003">
    </testcase>
    <testcase classname="ReasonToNotGetWorkController #post(req, res) On error - Calls next with error" name="ReasonToNotGetWorkController #post(req, res) On error - Calls next with error" time="0.001">
    </testcase>
    <testcase classname="ReasonToNotGetWorkController #post(req, res) On validation error - Calls render with the correct data" name="ReasonToNotGetWorkController #post(req, res) On validation error - Calls render with the correct data" time="0.001">
    </testcase>
    <testcase classname="ReasonToNotGetWorkController #post(req, res) On success - mode = new - Sets session record then redirects to wantsToAddQualifications" name="ReasonToNotGetWorkController #post(req, res) On success - mode = new - Sets session record then redirects to wantsToAddQualifications" time="0.001">
    </testcase>
    <testcase classname="ReasonToNotGetWorkController #post(req, res) On success - mode = edit - Sets session record then redirects to checkYourAnswers" name="ReasonToNotGetWorkController #post(req, res) On success - mode = edit - Sets session record then redirects to checkYourAnswers" time="0.001">
    </testcase>
    <testcase classname="ReasonToNotGetWorkController #post(req, res) On success - mode = update - calls api and redirects to learning profile" name="ReasonToNotGetWorkController #post(req, res) On success - mode = update - calls api and redirects to learning profile" time="0.002">
    </testcase>
  </testsuite>
  <testsuite name="Qualification details routes" errors="0" failures="0" skipped="0" timestamp="2023-11-06T17:12:59" time="0.631" tests="2">
    <testcase classname="Qualification details routes should register GET route for the page" name="Qualification details routes should register GET route for the page" time="0.005">
    </testcase>
    <testcase classname="Qualification details routes should register POST route for the page" name="Qualification details routes should register POST route for the page" time="0.001">
    </testcase>
  </testsuite>
  <testsuite name="GET 404" errors="0" failures="0" skipped="0" timestamp="2023-11-06T17:12:57" time="2.847" tests="2">
    <testcase classname="GET 404 should render content with stack in dev mode" name="GET 404 should render content with stack in dev mode" time="0.161">
    </testcase>
    <testcase classname="GET 404 should render content without stack in production mode" name="GET 404 should render content without stack in production mode" time="0.071">
    </testcase>
  </testsuite>
  <testsuite name="Qualification level routes" errors="0" failures="0" skipped="0" timestamp="2023-11-06T17:12:59" time="0.589" tests="2">
    <testcase classname="Qualification level routes should register GET route for the page" name="Qualification level routes should register GET route for the page" time="0.014">
    </testcase>
    <testcase classname="Qualification level routes should register POST route for the page" name="Qualification level routes should register POST route for the page" time="0.001">
    </testcase>
  </testsuite>
  <testsuite name="wantsToAddQualifications routes" errors="0" failures="0" skipped="0" timestamp="2023-11-06T17:12:59" time="0.575" tests="2">
    <testcase classname="wantsToAddQualifications routes should register GET route for the page" name="wantsToAddQualifications routes should register GET route for the page" time="0.005">
    </testcase>
    <testcase classname="wantsToAddQualifications routes should register POST route for the page" name="wantsToAddQualifications routes should register POST route for the page" time="0.008">
    </testcase>
  </testsuite>
  <testsuite name="prisonApiClient" errors="0" failures="0" skipped="0" timestamp="2023-11-06T17:12:59" time="0.429" tests="2">
    <testcase classname="prisonApiClient getImage should return image data from api" name="prisonApiClient getImage should return image data from api" time="0.027">
    </testcase>
    <testcase classname="prisonApiClient getImage should log at only info level for 404s" name="prisonApiClient getImage should log at only info level for 404s" time="0.013">
    </testcase>
  </testsuite>
  <testsuite name="getComByIdResolver" errors="0" failures="0" skipped="0" timestamp="2023-11-06T17:12:59" time="0.381" tests="2">
    <testcase classname="getComByIdResolver On error - Calls next with error" name="getComByIdResolver On error - Calls next with error" time="0.005">
    </testcase>
    <testcase classname="getComByIdResolver On success - Attaches data to context and calls next" name="getComByIdResolver On success - Attaches data to context and calls next" time="0.003">
    </testcase>
  </testsuite>
  <testsuite name="Other qualifications routes" errors="0" failures="0" skipped="0" timestamp="2023-11-06T17:12:59" time="0.503" tests="2">
    <testcase classname="Other qualifications routes should register GET route for the page" name="Other qualifications routes should register GET route for the page" time="0.005">
    </testcase>
    <testcase classname="Other qualifications routes should register POST route for the page" name="Other qualifications routes should register POST route for the page" time="0.001">
    </testcase>
  </testsuite>
  <testsuite name="Not hoping to get work routes" errors="0" failures="0" skipped="0" timestamp="2023-11-06T17:12:59" time="0.498" tests="2">
    <testcase classname="Not hoping to get work routes should register GET route for the page" name="Not hoping to get work routes should register GET route for the page" time="0.003">
    </testcase>
    <testcase classname="Not hoping to get work routes should register POST route for the page" name="Not hoping to get work routes should register POST route for the page" time="0.001">
    </testcase>
  </testsuite>
  <testsuite name="Particular interests routes" errors="0" failures="0" skipped="0" timestamp="2023-11-06T17:12:59" time="0.488" tests="2">
    <testcase classname="Particular interests routes should register GET route for the page" name="Particular interests routes should register GET route for the page" time="0.007">
    </testcase>
    <testcase classname="Particular interests routes should register POST route for the page" name="Particular interests routes should register POST route for the page" time="0.001">
    </testcase>
  </testsuite>
  <testsuite name="WorkInterestsController" errors="0" failures="0" skipped="0" timestamp="2023-11-06T17:12:59" time="0.48" tests="7">
    <testcase classname="WorkInterestsController #get(req, res) On error - Calls next with error" name="WorkInterestsController #get(req, res) On error - Calls next with error" time="0.005">
    </testcase>
    <testcase classname="WorkInterestsController #get(req, res) On success - No record found - Redirects to hopingToGetWork" name="WorkInterestsController #get(req, res) On success - No record found - Redirects to hopingToGetWork" time="0.003">
    </testcase>
    <testcase classname="WorkInterestsController #get(req, res) On success - Record found - Calls render with the correct data" name="WorkInterestsController #get(req, res) On success - Record found - Calls render with the correct data" time="0.002">
    </testcase>
    <testcase classname="WorkInterestsController #post(req, res) On error - Calls next with error" name="WorkInterestsController #post(req, res) On error - Calls next with error" time="0.001">
    </testcase>
    <testcase classname="WorkInterestsController #post(req, res) On validation error - Calls render with the correct data" name="WorkInterestsController #post(req, res) On validation error - Calls render with the correct data" time="0.001">
    </testcase>
    <testcase classname="WorkInterestsController #post(req, res) On success - mode = new - Sets session record then redirects to particularJobInterests" name="WorkInterestsController #post(req, res) On success - mode = new - Sets session record then redirects to particularJobInterests" time="0.001">
    </testcase>
    <testcase classname="WorkInterestsController #post(req, res) On success - mode = update - calls api and redirects to learning profile" name="WorkInterestsController #post(req, res) On success - mode = update - calls api and redirects to learning profile" time="0.001">
    </testcase>
  </testsuite>
  <testsuite name="Work details routes" errors="0" failures="0" skipped="0" timestamp="2023-11-06T17:12:59" time="0.503" tests="2">
    <testcase classname="Work details routes should register GET route for the page" name="Work details routes should register GET route for the page" time="0.004">
    </testcase>
    <testcase classname="Work details routes should register POST route for the page" name="Work details routes should register POST route for the page" time="0.001">
    </testcase>
  </testsuite>
  <testsuite name="TypeOfWorkExperienceController" errors="0" failures="0" skipped="0" timestamp="2023-11-06T17:12:59" time="0.481" tests="7">
    <testcase classname="TypeOfWorkExperienceController #get(req, res) On error - Calls next with error" name="TypeOfWorkExperienceController #get(req, res) On error - Calls next with error" time="0.004">
    </testcase>
    <testcase classname="TypeOfWorkExperienceController #get(req, res) On success - No record found - Redirects to hopingToGetWork" name="TypeOfWorkExperienceController #get(req, res) On success - No record found - Redirects to hopingToGetWork" time="0.002">
    </testcase>
    <testcase classname="TypeOfWorkExperienceController #get(req, res) On success - Record found - Calls render with the correct data" name="TypeOfWorkExperienceController #get(req, res) On success - Record found - Calls render with the correct data" time="0.002">
    </testcase>
    <testcase classname="TypeOfWorkExperienceController #post(req, res) On error - Calls next with error" name="TypeOfWorkExperienceController #post(req, res) On error - Calls next with error" time="0.001">
    </testcase>
    <testcase classname="TypeOfWorkExperienceController #post(req, res) On validation error - Calls render with the correct data" name="TypeOfWorkExperienceController #post(req, res) On validation error - Calls render with the correct data" time="0.001">
    </testcase>
    <testcase classname="TypeOfWorkExperienceController #post(req, res) On success - mode = new - Sets session record then redirects to workDetails" name="TypeOfWorkExperienceController #post(req, res) On success - mode = new - Sets session record then redirects to workDetails" time="0.001">
    </testcase>
    <testcase classname="TypeOfWorkExperienceController #post(req, res) On success - mode = update - calls api and redirects to workDetails" name="TypeOfWorkExperienceController #post(req, res) On success - mode = update - calls api and redirects to workDetails" time="0">
    </testcase>
  </testsuite>
  <testsuite name="WhereaboutsApiClient" errors="0" failures="0" skipped="0" timestamp="2023-11-06T17:12:59" time="0.416" tests="1">
    <testcase classname="WhereaboutsApiClient getUnacceptibleAbsenceCount should make a GET request to the correct endpoint with the correct parameters" name="WhereaboutsApiClient getUnacceptibleAbsenceCount should make a GET request to the correct endpoint with the correct parameters" time="0.007">
    </testcase>
  </testsuite>
  <testsuite name="Hope to get work routes" errors="0" failures="0" skipped="0" timestamp="2023-11-06T17:12:59" time="0.494" tests="2">
    <testcase classname="Hope to get work routes should register GET route for the page" name="Hope to get work routes should register GET route for the page" time="0.005">
    </testcase>
    <testcase classname="Hope to get work routes should register POST route for the page" name="Hope to get work routes should register POST route for the page" time="0.001">
    </testcase>
  </testsuite>
  <testsuite name="Convert to title case" errors="0" failures="0" skipped="0" timestamp="2023-11-06T17:13:00" time="0.349" tests="9">
    <testcase classname="Convert to title case null string" name="Convert to title case null string" time="0.003">
    </testcase>
    <testcase classname="Convert to title case empty string" name="Convert to title case empty string" time="0">
    </testcase>
    <testcase classname="Convert to title case Lower Case" name="Convert to title case Lower Case" time="0.001">
    </testcase>
    <testcase classname="Convert to title case Upper Case" name="Convert to title case Upper Case" time="0.001">
    </testcase>
    <testcase classname="Convert to title case Mixed Case" name="Convert to title case Mixed Case" time="0.001">
    </testcase>
    <testcase classname="Convert to title case Multiple words" name="Convert to title case Multiple words" time="0">
    </testcase>
    <testcase classname="Convert to title case Leading spaces" name="Convert to title case Leading spaces" time="0.001">
    </testcase>
    <testcase classname="Convert to title case Trailing spaces" name="Convert to title case Trailing spaces" time="0">
    </testcase>
    <testcase classname="Convert to title case Hyphenated" name="Convert to title case Hyphenated" time="0.001">
    </testcase>
  </testsuite>
  <testsuite name="Work interests routes" errors="0" failures="0" skipped="0" timestamp="2023-11-06T17:12:59" time="0.464" tests="2">
    <testcase classname="Work interests routes should register GET route for the page" name="Work interests routes should register GET route for the page" time="0.005">
    </testcase>
    <testcase classname="Work interests routes should register POST route for the page" name="Work interests routes should register POST route for the page" time="0.001">
    </testcase>
  </testsuite>
  <testsuite name="Education level routes" errors="0" failures="0" skipped="0" timestamp="2023-11-06T17:12:59" time="1.03" tests="2">
    <testcase classname="Education level routes should register GET route for the page" name="Education level routes should register GET route for the page" time="0.009">
    </testcase>
    <testcase classname="Education level routes should register POST route for the page" name="Education level routes should register POST route for the page" time="0.001">
    </testcase>
  </testsuite>
  <testsuite name="SkillsController" errors="0" failures="0" skipped="0" timestamp="2023-11-06T17:13:00" time="0.461" tests="7">
    <testcase classname="SkillsController #get(req, res) On error - Calls next with error" name="SkillsController #get(req, res) On error - Calls next with error" time="0.004">
    </testcase>
    <testcase classname="SkillsController #get(req, res) On success - No record found - Redirects to hopingToGetWork" name="SkillsController #get(req, res) On success - No record found - Redirects to hopingToGetWork" time="0.003">
    </testcase>
    <testcase classname="SkillsController #get(req, res) On success - Record found - Calls render with the correct data" name="SkillsController #get(req, res) On success - Record found - Calls render with the correct data" time="0.002">
    </testcase>
    <testcase classname="SkillsController #post(req, res) On error - Calls next with error" name="SkillsController #post(req, res) On error - Calls next with error" time="0.001">
    </testcase>
    <testcase classname="SkillsController #post(req, res) On validation error - Calls render with the correct data" name="SkillsController #post(req, res) On validation error - Calls render with the correct data" time="0.001">
    </testcase>
    <testcase classname="SkillsController #post(req, res) On success - mode = new - Sets session record then redirects to personalInterests" name="SkillsController #post(req, res) On success - mode = new - Sets session record then redirects to personalInterests" time="0.003">
    </testcase>
    <testcase classname="SkillsController #post(req, res) On success - mode = update - calls api and redirects to learning profile" name="SkillsController #post(req, res) On success - mode = update - calls api and redirects to learning profile" time="0.001">
    </testcase>
  </testsuite>
  <testsuite name="Healthcheck" errors="0" failures="0" skipped="0" timestamp="2023-11-06T17:13:00" time="0.3" tests="2">
    <testcase classname="Healthcheck Healthcheck reports healthy" name="Healthcheck Healthcheck reports healthy" time="0.005">
    </testcase>
    <testcase classname="Healthcheck Healthcheck reports unhealthy" name="Healthcheck Healthcheck reports unhealthy" time="0.001">
    </testcase>
  </testsuite>
  <testsuite name="restClientMetricsMiddleware" errors="0" failures="0" skipped="1" timestamp="2023-11-06T17:13:00" time="0.393" tests="5">
    <testcase classname="restClientMetricsMiddleware normalizePath removes the query params from the URL path" name="restClientMetricsMiddleware normalizePath removes the query params from the URL path" time="0.004">
    </testcase>
    <testcase classname="restClientMetricsMiddleware normalizePath normalises recall ids" name="restClientMetricsMiddleware normalizePath normalises recall ids" time="0.003">
    </testcase>
    <testcase classname="restClientMetricsMiddleware normalizePath normalises nomis ids" name="restClientMetricsMiddleware normalizePath normalises nomis ids" time="0.007">
    </testcase>
    <testcase classname="restClientMetricsMiddleware request timers times the whole request" name="restClientMetricsMiddleware request timers times the whole request" time="0.021">
    </testcase>
    <testcase classname="restClientMetricsMiddleware timeout errors increment the timeoutCounter" name="restClientMetricsMiddleware timeout errors increment the timeoutCounter" time="0">
      <skipped/>
    </testcase>
  </testsuite>
  <testsuite name="In prison work routes" errors="0" failures="0" skipped="0" timestamp="2023-11-06T17:13:00" time="0.44" tests="2">
    <testcase classname="In prison work routes should register GET route for the page" name="In prison work routes should register GET route for the page" time="0.006">
    </testcase>
    <testcase classname="In prison work routes should register POST route for the page" name="In prison work routes should register POST route for the page" time="0.001">
    </testcase>
  </testsuite>
  <testsuite name="Education level routes" errors="0" failures="0" skipped="0" timestamp="2023-11-06T17:13:00" time="0.454" tests="2">
    <testcase classname="Education level routes should register GET route for the page" name="Education level routes should register GET route for the page" time="0.008">
    </testcase>
    <testcase classname="Education level routes should register POST route for the page" name="Education level routes should register POST route for the page" time="0.001">
    </testcase>
  </testsuite>
  <testsuite name="AbilityToWork routes" errors="0" failures="0" skipped="0" timestamp="2023-11-06T17:13:00" time="0.436" tests="2">
    <testcase classname="AbilityToWork routes should register GET route for the page" name="AbilityToWork routes should register GET route for the page" time="0.005">
    </testcase>
    <testcase classname="AbilityToWork routes should register POST route for the page" name="AbilityToWork routes should register POST route for the page" time="0.001">
    </testcase>
  </testsuite>
  <testsuite name="Ciag data routes" errors="0" failures="0" skipped="0" timestamp="2023-11-06T17:13:00" time="0.438" tests="2">
    <testcase classname="Ciag data routes should register GET route for Ciag list page" name="Ciag data routes should register GET route for Ciag list page" time="0.004">
    </testcase>
    <testcase classname="Ciag data routes should register POST route for Ciag list page" name="Ciag data routes should register POST route for Ciag list page" time="0.001">
    </testcase>
  </testsuite>
  <testsuite name="PersonalInterestsController" errors="0" failures="0" skipped="0" timestamp="2023-11-06T17:13:00" time="0.454" tests="8">
    <testcase classname="PersonalInterestsController #get(req, res) On error - Calls next with error" name="PersonalInterestsController #get(req, res) On error - Calls next with error" time="0.005">
    </testcase>
    <testcase classname="PersonalInterestsController #get(req, res) On success - No record found - Redirects to hopingToGetWork" name="PersonalInterestsController #get(req, res) On success - No record found - Redirects to hopingToGetWork" time="0.004">
    </testcase>
    <testcase classname="PersonalInterestsController #get(req, res) On success - Record found - Calls render with the correct data" name="PersonalInterestsController #get(req, res) On success - Record found - Calls render with the correct data" time="0.002">
    </testcase>
    <testcase classname="PersonalInterestsController #post(req, res) On error - Calls next with error" name="PersonalInterestsController #post(req, res) On error - Calls next with error" time="0.001">
    </testcase>
    <testcase classname="PersonalInterestsController #post(req, res) On validation error - Calls render with the correct data" name="PersonalInterestsController #post(req, res) On validation error - Calls render with the correct data" time="0.001">
    </testcase>
    <testcase classname="PersonalInterestsController #post(req, res) On success - mode = new - Sets session record then redirects to abilityToWork" name="PersonalInterestsController #post(req, res) On success - mode = new - Sets session record then redirects to abilityToWork" time="0.002">
    </testcase>
    <testcase classname="PersonalInterestsController #post(req, res) On success - mode = edit - Sets session record then redirects to checkYourAnswers" name="PersonalInterestsController #post(req, res) On success - mode = edit - Sets session record then redirects to checkYourAnswers" time="0.001">
    </testcase>
    <testcase classname="PersonalInterestsController #post(req, res) On success - mode = update - calls api and redirects to learning profile" name="PersonalInterestsController #post(req, res) On success - mode = update - calls api and redirects to learning profile" time="0.002">
    </testcase>
  </testsuite>
  <testsuite name="AbilityToWorkController" errors="0" failures="0" skipped="0" timestamp="2023-11-06T17:13:00" time="0.453" tests="7">
    <testcase classname="AbilityToWorkController #get(req, res) On error - Calls next with error" name="AbilityToWorkController #get(req, res) On error - Calls next with error" time="0.008">
    </testcase>
    <testcase classname="AbilityToWorkController #get(req, res) On success - No record found - Redirects to hopingToGetWork" name="AbilityToWorkController #get(req, res) On success - No record found - Redirects to hopingToGetWork" time="0.003">
    </testcase>
    <testcase classname="AbilityToWorkController #get(req, res) On success - Record found - Calls render with the correct data" name="AbilityToWorkController #get(req, res) On success - Record found - Calls render with the correct data" time="0.002">
    </testcase>
    <testcase classname="AbilityToWorkController #post(req, res) On error - Calls next with error" name="AbilityToWorkController #post(req, res) On error - Calls next with error" time="0">
    </testcase>
    <testcase classname="AbilityToWorkController #post(req, res) On validation error - Calls render with the correct data" name="AbilityToWorkController #post(req, res) On validation error - Calls render with the correct data" time="0.001">
    </testcase>
    <testcase classname="AbilityToWorkController #post(req, res) On success - mode = new - Sets session record then redirects to checkYourAnswers" name="AbilityToWorkController #post(req, res) On success - mode = new - Sets session record then redirects to checkYourAnswers" time="0.001">
    </testcase>
    <testcase classname="AbilityToWorkController #post(req, res) On success - mode = update - calls api and redirects to learning profile" name="AbilityToWorkController #post(req, res) On success - mode = update - calls api and redirects to learning profile" time="0.001">
    </testcase>
  </testsuite>
  <testsuite name="hmppsAuthClient" errors="0" failures="0" skipped="0" timestamp="2023-11-06T17:13:00" time="0.424" tests="4">
    <testcase classname="hmppsAuthClient getSystemClientToken should instantiate the redis client" name="hmppsAuthClient getSystemClientToken should instantiate the redis client" time="0.004">
    </testcase>
    <testcase classname="hmppsAuthClient getSystemClientToken should return token from redis if one exists" name="hmppsAuthClient getSystemClientToken should return token from redis if one exists" time="0.003">
    </testcase>
    <testcase classname="hmppsAuthClient getSystemClientToken should return token from HMPPS Auth with username" name="hmppsAuthClient getSystemClientToken should return token from HMPPS Auth with username" time="0.031">
    </testcase>
    <testcase classname="hmppsAuthClient getSystemClientToken should return token from HMPPS Auth without username" name="hmppsAuthClient getSystemClientToken should return token from HMPPS Auth without username" time="0.007">
    </testcase>
  </testsuite>
  <testsuite name="PersonalInterests routes" errors="0" failures="0" skipped="0" timestamp="2023-11-06T17:13:00" time="0.454" tests="2">
    <testcase classname="PersonalInterests routes should register GET route for the page" name="PersonalInterests routes should register GET route for the page" time="0.006">
    </testcase>
    <testcase classname="PersonalInterests routes should register POST route for the page" name="PersonalInterests routes should register POST route for the page" time="0.002">
    </testcase>
  </testsuite>
  <testsuite name="Skills routes" errors="0" failures="0" skipped="0" timestamp="2023-11-06T17:13:00" time="0.457" tests="2">
    <testcase classname="Skills routes should register GET route for the page" name="Skills routes should register GET route for the page" time="0.003">
    </testcase>
    <testcase classname="Skills routes should register POST route for the page" name="Skills routes should register POST route for the page" time="0.002">
    </testcase>
  </testsuite>
  <testsuite name="Qualifications routes" errors="0" failures="0" skipped="0" timestamp="2023-11-06T17:13:00" time="0.414" tests="2">
    <testcase classname="Qualifications routes should register GET route for the page" name="Qualifications routes should register GET route for the page" time="0.005">
    </testcase>
    <testcase classname="Qualifications routes should register POST route for the page" name="Qualifications routes should register POST route for the page" time="0.001">
    </testcase>
  </testsuite>
  <testsuite name="CommunityApiClient" errors="0" failures="0" skipped="0" timestamp="2023-11-06T17:13:00" time="0.273" tests="1">
    <testcase classname="CommunityApiClient getAllOffenderManagers should make a GET request to the correct endpoint with the correct parameters" name="CommunityApiClient getAllOffenderManagers should make a GET request to the correct endpoint with the correct parameters" time="0.007">
    </testcase>
  </testsuite>
  <testsuite name="In prison education routes" errors="0" failures="0" skipped="0" timestamp="2023-11-06T17:13:00" time="0.465" tests="2">
    <testcase classname="In prison education routes should register GET route for the page" name="In prison education routes should register GET route for the page" time="0.012">
    </testcase>
    <testcase classname="In prison education routes should register POST route for the page" name="In prison education routes should register POST route for the page" time="0.002">
    </testcase>
  </testsuite>
  <testsuite name="getCurrentOffenderActivitiesResolver" errors="0" failures="0" skipped="0" timestamp="2023-11-06T17:13:00" time="0.358" tests="2">
    <testcase classname="getCurrentOffenderActivitiesResolver On error - Calls next with error" name="getCurrentOffenderActivitiesResolver On error - Calls next with error" time="0.004">
    </testcase>
    <testcase classname="getCurrentOffenderActivitiesResolver On success - Attaches data to context and calls next" name="getCurrentOffenderActivitiesResolver On success - Attaches data to context and calls next" time="0.001">
    </testcase>
  </testsuite>
  <testsuite name="validationSchema" errors="0" failures="0" skipped="0" timestamp="2023-11-06T17:13:00" time="0.282" tests="6">
    <testcase classname="validationSchema On validation error - Required - Returns the correct error message" name="validationSchema On validation error - Required - Returns the correct error message" time="0.005">
    </testcase>
    <testcase classname="validationSchema On validation error - Required subject only - Returns the correct error message" name="validationSchema On validation error - Required subject only - Returns the correct error message" time="0.002">
    </testcase>
    <testcase classname="validationSchema On validation error - Required grade only - Returns the correct error message" name="validationSchema On validation error - Required grade only - Returns the correct error message" time="0.002">
    </testcase>
    <testcase classname="validationSchema On validation error - Max subject - Returns the correct error message" name="validationSchema On validation error - Max subject - Returns the correct error message" time="0.001">
    </testcase>
    <testcase classname="validationSchema On validation error - Max grade - Returns the correct error message" name="validationSchema On validation error - Max grade - Returns the correct error message" time="0.001">
    </testcase>
    <testcase classname="validationSchema On validation success - Returns no errors" name="validationSchema On validation success - Returns no errors" time="0.001">
    </testcase>
  </testsuite>
  <testsuite name="KeyworkerApiClient" errors="0" failures="0" skipped="0" timestamp="2023-11-06T17:13:00" time="0.283" tests="1">
    <testcase classname="KeyworkerApiClient getKeyworkerForOffender should make a GET request to the correct endpoint with the correct parameters" name="KeyworkerApiClient getKeyworkerForOffender should make a GET request to the correct endpoint with the correct parameters" time="0.008">
    </testcase>
  </testsuite>
  <testsuite name="PrisonerViewModel" errors="0" failures="0" skipped="0" timestamp="2023-11-06T17:13:00" time="0.359" tests="1">
    <testcase classname="PrisonerViewModel transforms JSON to PrisonerViewModel instance" name="PrisonerViewModel transforms JSON to PrisonerViewModel instance" time="0.01">
    </testcase>
  </testsuite>
  <testsuite name="Type of work routes" errors="0" failures="0" skipped="0" timestamp="2023-11-06T17:13:00" time="0.444" tests="2">
    <testcase classname="Type of work routes should register GET route for the page" name="Type of work routes should register GET route for the page" time="0.006">
    </testcase>
    <testcase classname="Type of work routes should register POST route for the page" name="Type of work routes should register POST route for the page" time="0.001">
    </testcase>
  </testsuite>
  <testsuite name="LearnerEducationViewModel" errors="0" failures="0" skipped="0" timestamp="2023-11-06T17:13:00" time="0.364" tests="1">
    <testcase classname="LearnerEducationViewModel transforms JSON to LearnerEducationViewModel instance" name="LearnerEducationViewModel transforms JSON to LearnerEducationViewModel instance" time="0.009">
    </testcase>
  </testsuite>
  <testsuite name="Work plan routes" errors="0" failures="0" skipped="0" timestamp="2023-11-06T17:13:00" time="0.375" tests="1">
    <testcase classname="Work plan routes should register GET route for the page" name="Work plan routes should register GET route for the page" time="0.005">
    </testcase>
  </testsuite>
  <testsuite name="ActivityViewModel" errors="0" failures="0" skipped="0" timestamp="2023-11-06T17:13:00" time="0.358" tests="1">
    <testcase classname="ActivityViewModel transforms JSON to ActivityViewModel instance" name="ActivityViewModel transforms JSON to ActivityViewModel instance" time="0.009">
    </testcase>
  </testsuite>
[...]
    </testcase>
    <testcase classname="Test clients built by oauthEnabledClient Assert client behaviour Should set custom headers on requests" name="Test clients built by oauthEnabledClient Assert client behaviour Should set custom headers on requests" time="0.006">
    </testcase>
    <testcase classname="Test clients built by oauthEnabledClient retry and timeout behaviour get Should retry twice if request fails" name="Test clients built by oauthEnabledClient retry and timeout behaviour get Should retry twice if request fails" time="0.016">
    </testcase>
    <testcase classname="Test clients built by oauthEnabledClient retry and timeout behaviour get Should retry twice if request times out" name="Test clients built by oauthEnabledClient retry and timeout behaviour get Should retry twice if request times out" time="0.608">
    </testcase>
    <testcase classname="Test clients built by oauthEnabledClient retry and timeout behaviour get Should fail if request times out three times" name="Test clients built by oauthEnabledClient retry and timeout behaviour get Should fail if request times out three times" time="0.931">
    </testcase>
    <testcase classname="Test clients built by oauthEnabledClient retry and timeout behaviour get Should fail if request times out three with custom time out" name="Test clients built by oauthEnabledClient retry and timeout behaviour get Should fail if request times out three with custom time out" time="0.307">
    </testcase>
    <testcase classname="Test clients built by oauthEnabledClient retry and timeout behaviour getStream Should retry twice if request fails" name="Test clients built by oauthEnabledClient retry and timeout behaviour getStream Should retry twice if request fails" time="0.012">
    </testcase>
    <testcase classname="Test clients built by oauthEnabledClient retry and timeout behaviour getStream Should retry twice if request times out" name="Test clients built by oauthEnabledClient retry and timeout behaviour getStream Should retry twice if request times out" time="0.606">
    </testcase>
    <testcase classname="Test clients built by oauthEnabledClient retry and timeout behaviour getStream Should fail if request times out three times" name="Test clients built by oauthEnabledClient retry and timeout behaviour getStream Should fail if request times out three times" time="0.906">
    </testcase>
    <testcase classname="Test clients built by oauthEnabledClient Normalise base url behaviour Should set the url correctly if ends with a /" name="Test clients built by oauthEnabledClient Normalise base url behaviour Should set the url correctly if ends with a /" time="0.005">
    </testcase>
    <testcase classname="Test clients built by oauthEnabledClient Normalise base url behaviour Should set the url correctly if doesn&apos;t end with a /" name="Test clients built by oauthEnabledClient Normalise base url behaviour Should set the url correctly if doesn&apos;t end with a /" time="0.004">
    </testcase>
    <testcase classname="Test clients built by oauthEnabledClient Logging Should log 404 correctly" name="Test clients built by oauthEnabledClient Logging Should log 404 correctly" time="0.03">
    </testcase>
    <testcase classname="Test clients built by oauthEnabledClient Logging Should log 500 correctly" name="Test clients built by oauthEnabledClient Logging Should log 500 correctly" time="0.016">
    </testcase>
  </testsuite>
  <testsuite name="getUnacceptableAbsenceCount" errors="0" failures="0" skipped="0" timestamp="2023-11-06T17:13:01" time="0.164" tests="2">
    <testcase classname="getUnacceptableAbsenceCount On error - Throws error" name="getUnacceptableAbsenceCount On error - Throws error" time="0.005">
    </testcase>
    <testcase classname="getUnacceptableAbsenceCount On success - Returns correct data" name="getUnacceptableAbsenceCount On success - Returns correct data" time="0.001">
    </testcase>
  </testsuite>
  <testsuite name="getPomByIdResolver" errors="0" failures="0" skipped="0" timestamp="2023-11-06T17:13:01" time="0.177" tests="2">
    <testcase classname="getPomByIdResolver On error - Calls next with error" name="getPomByIdResolver On error - Calls next with error" time="0.009">
    </testcase>
    <testcase classname="getPomByIdResolver On success - Attaches data to context and calls next" name="getPomByIdResolver On success - Attaches data to context and calls next" time="0.001">
    </testcase>
  </testsuite>
  <testsuite name="#findValue" errors="0" failures="0" skipped="0" timestamp="2023-11-06T17:13:01" time="0.173" tests="4">
    <testcase classname="#findValue should return the value for the first matching key in the lookup object" name="#findValue should return the value for the first matching key in the lookup object" time="0.003">
    </testcase>
    <testcase classname="#findValue should return undefined if no matching key is found" name="#findValue should return undefined if no matching key is found" time="0">
    </testcase>
    <testcase classname="#findValue should handle empty string input" name="#findValue should handle empty string input" time="0.001">
    </testcase>
    <testcase classname="#findValue should handle empty lookup object" name="#findValue should handle empty lookup object" time="0">
    </testcase>
  </testsuite>
  <testsuite name="getComById" errors="0" failures="0" skipped="0" timestamp="2023-11-06T17:13:01" time="0.167" tests="3">
    <testcase classname="getComById On error - Throws error" name="getComById On error - Throws error" time="0.006">
    </testcase>
    <testcase classname="getComById On error - 404 - Calls next without error" name="getComById On error - 404 - Calls next without error" time="0.001">
    </testcase>
    <testcase classname="getComById On success - Returns correct data" name="getComById On success - Returns correct data" time="0">
    </testcase>
  </testsuite>
  <testsuite name="EducationAndWorkPlanApi" errors="0" failures="0" skipped="0" timestamp="2023-11-06T17:13:01" time="0.267" tests="1">
    <testcase classname="EducationAndWorkPlanApi getActionPlanList should make a POST request to the correct endpoint with the correct parameters" name="EducationAndWorkPlanApi getActionPlanList should make a POST request to the correct endpoint with the correct parameters" time="0.004">
    </testcase>
  </testsuite>
  <testsuite name="getLatestAssessmentResolver" errors="0" failures="0" skipped="0" timestamp="2023-11-06T17:13:01" time="0.18" tests="2">
    <testcase classname="getLatestAssessmentResolver On error - Calls next with error" name="getLatestAssessmentResolver On error - Calls next with error" time="0.005">
    </testcase>
    <testcase classname="getLatestAssessmentResolver On success - Attaches data to context and calls next" name="getLatestAssessmentResolver On success - Attaches data to context and calls next" time="0.001">
    </testcase>
  </testsuite>
  <testsuite name="getEmployabilitySkills" errors="0" failures="0" skipped="0" timestamp="2023-11-06T17:13:01" time="0.162" tests="3">
    <testcase classname="getEmployabilitySkills On error - Throws error" name="getEmployabilitySkills On error - Throws error" time="0.003">
    </testcase>
    <testcase classname="getEmployabilitySkills On error - 404 - Calls next without error" name="getEmployabilitySkills On error - 404 - Calls next without error" time="0.001">
    </testcase>
    <testcase classname="getEmployabilitySkills On success - Returns correct data" name="getEmployabilitySkills On success - Returns correct data" time="0">
    </testcase>
  </testsuite>
  <testsuite name="getPomById" errors="0" failures="0" skipped="0" timestamp="2023-11-06T17:13:01" time="0.17" tests="3">
    <testcase classname="getPomById On error - Throws error" name="getPomById On error - Throws error" time="0.003">
    </testcase>
    <testcase classname="getPomById On error - 404 - Calls next without error" name="getPomById On error - 404 - Calls next without error" time="0.001">
    </testcase>
    <testcase classname="getPomById On success - Returns correct data" name="getPomById On success - Returns correct data" time="0.003">
    </testcase>
  </testsuite>
  <testsuite name="session data functions" errors="0" failures="0" skipped="0" timestamp="2023-11-06T17:13:01" time="0.168" tests="3">
    <testcase classname="session data functions should set session data" name="session data functions should set session data" time="0.004">
    </testcase>
    <testcase classname="session data functions should get session data" name="session data functions should get session data" time="0.001">
    </testcase>
    <testcase classname="session data functions should delete session data" name="session data functions should delete session data" time="0.001">
    </testcase>
  </testsuite>
  <testsuite name="sanitised error" errors="0" failures="0" skipped="0" timestamp="2023-11-06T17:13:01" time="0.17" tests="3">
    <testcase classname="sanitised error it should omit the request headers from the error object " name="sanitised error it should omit the request headers from the error object " time="0.004">
    </testcase>
    <testcase classname="sanitised error it should return the error message " name="sanitised error it should return the error message " time="0">
    </testcase>
    <testcase classname="sanitised error it should return an empty object for an unknown error structure" name="sanitised error it should return an empty object for an unknown error structure" time="0.001">
    </testcase>
  </testsuite>
  <testsuite name="getUnacceptableAbsencesCountResolver" errors="0" failures="0" skipped="0" timestamp="2023-11-06T17:13:01" time="0.175" tests="2">
    <testcase classname="getUnacceptableAbsencesCountResolver On error - Calls next with error" name="getUnacceptableAbsencesCountResolver On error - Calls next with error" time="0.006">
    </testcase>
    <testcase classname="getUnacceptableAbsencesCountResolver On success - Attaches data to context and calls next" name="getUnacceptableAbsencesCountResolver On success - Attaches data to context and calls next" time="0.001">
    </testcase>
  </testsuite>
  <testsuite name="#handleSortMiddleware" errors="0" failures="0" skipped="0" timestamp="2023-11-06T17:13:01" time="0.167" tests="2">
    <testcase classname="#handleSortMiddleware success - should call next() if formFieldName is not in req.body" name="#handleSortMiddleware success - should call next() if formFieldName is not in req.body" time="0.003">
    </testcase>
    <testcase classname="#handleSortMiddleware success - should redirect to sorted URL if formFieldName is in req.body" name="#handleSortMiddleware success - should redirect to sorted URL if formFieldName is in req.body" time="0.002">
    </testcase>
  </testsuite>
  <testsuite name="getEmployabilitySkillsResolver" errors="0" failures="0" skipped="0" timestamp="2023-11-06T17:13:01" time="0.182" tests="2">
    <testcase classname="getEmployabilitySkillsResolver On error - Calls next with error" name="getEmployabilitySkillsResolver On error - Calls next with error" time="0.004">
    </testcase>
    <testcase classname="getEmployabilitySkillsResolver On success - Attaches data to context and calls next" name="getEmployabilitySkillsResolver On success - Attaches data to context and calls next" time="0.001">
    </testcase>
  </testsuite>
  <testsuite name="getKeyworkerById" errors="0" failures="0" skipped="0" timestamp="2023-11-06T17:13:01" time="0.168" tests="3">
    <testcase classname="getKeyworkerById On error - Throws error" name="getKeyworkerById On error - Throws error" time="0.004">
    </testcase>
    <testcase classname="getKeyworkerById On error - 404 - Calls next without error" name="getKeyworkerById On error - 404 - Calls next without error" time="0">
    </testcase>
    <testcase classname="getKeyworkerById On success - Returns correct data" name="getKeyworkerById On success - Returns correct data" time="0.001">
    </testcase>
  </testsuite>
  <testsuite name="getCiagPlanByIdResolver" errors="0" failures="0" skipped="0" timestamp="2023-11-06T17:13:01" time="0.135" tests="3">
    <testcase classname="getCiagPlanByIdResolver On error - Calls next with error" name="getCiagPlanByIdResolver On error - Calls next with error" time="0.002">
    </testcase>
    <testcase classname="getCiagPlanByIdResolver On error - 404 error - Calls next without error" name="getCiagPlanByIdResolver On error - 404 error - Calls next without error" time="0.001">
    </testcase>
    <testcase classname="getCiagPlanByIdResolver On success - Attaches data to context and call next" name="getCiagPlanByIdResolver On success - Attaches data to context and call next" time="0.001">
    </testcase>
  </testsuite>
  <testsuite name="getUserActiveCaseLoadResolver" errors="0" failures="0" skipped="0" timestamp="2023-11-06T17:13:01" time="0.143" tests="2">
    <testcase classname="getUserActiveCaseLoadResolver On error - Calls next with error" name="getUserActiveCaseLoadResolver On error - Calls next with error" time="0.004">
    </testcase>
    <testcase classname="getUserActiveCaseLoadResolver On success - Attaches data to locales and call next" name="getUserActiveCaseLoadResolver On success - Attaches data to locales and call next" time="0.001">
    </testcase>
  </testsuite>
  <testsuite name="getPrisonerByIdResolver" errors="0" failures="0" skipped="0" timestamp="2023-11-06T17:13:01" time="0.137" tests="2">
    <testcase classname="getPrisonerByIdResolver On error - Calls next with error" name="getPrisonerByIdResolver On error - Calls next with error" time="0.004">
    </testcase>
    <testcase classname="getPrisonerByIdResolver On success - Attaches data to context and call next" name="getPrisonerByIdResolver On success - Attaches data to context and call next" time="0.001">
    </testcase>
  </testsuite>
  <testsuite name="generateOauthClientToken" errors="0" failures="0" skipped="0" timestamp="2023-11-06T17:13:01" time="0.13" tests="2">
    <testcase classname="generateOauthClientToken Token can be generated" name="generateOauthClientToken Token can be generated" time="0.003">
    </testcase>
    <testcase classname="generateOauthClientToken Token can be generated with special characters" name="generateOauthClientToken Token can be generated with special characters" time="0.001">
    </testcase>
  </testsuite>
  <testsuite name="getLearnerEducation" errors="0" failures="0" skipped="0" timestamp="2023-11-06T17:13:01" time="0.13" tests="3">
    <testcase classname="getLearnerEducation On error - Throws error" name="getLearnerEducation On error - Throws error" time="0.003">
    </testcase>
    <testcase classname="getLearnerEducation On error - 404 - Calls next without error" name="getLearnerEducation On error - 404 - Calls next without error" time="0">
    </testcase>
    <testcase classname="getLearnerEducation On success - Returns correct data" name="getLearnerEducation On success - Returns correct data" time="0">
    </testcase>
  </testsuite>
  <testsuite name="expressContext middleware" errors="0" failures="0" skipped="0" timestamp="2023-11-06T17:13:01" time="0.135" tests="1">
    <testcase classname="expressContext middleware should set an empty context object on request and response objects" name="expressContext middleware should set an empty context object on request and response objects" time="0.003">
    </testcase>
  </testsuite>
  <testsuite name="getKeyworkerByIdResolver" errors="0" failures="0" skipped="0" timestamp="2023-11-06T17:13:01" time="0.13" tests="2">
    <testcase classname="getKeyworkerByIdResolver On error - Calls next with error" name="getKeyworkerByIdResolver On error - Calls next with error" time="0.002">
    </testcase>
    <testcase classname="getKeyworkerByIdResolver On success - Attaches data to context and calls next" name="getKeyworkerByIdResolver On success - Attaches data to context and calls next" time="0.001">
    </testcase>
  </testsuite>
  <testsuite name="validationSchema" errors="0" failures="0" skipped="0" timestamp="2023-11-06T17:13:01" time="0.118" tests="3">
    <testcase classname="validationSchema On success - test_field is not an array - Changes field to be an array and calls next" name="validationSchema On success - test_field is not an array - Changes field to be an array and calls next" time="0.003">
    </testcase>
    <testcase classname="validationSchema On success - test_field is an array - Does not change field and calls next" name="validationSchema On success - test_field is an array - Does not change field and calls next" time="0.001">
    </testcase>
    <testcase classname="validationSchema On success - test_field is undefined - Does not change field and calls next" name="validationSchema On success - test_field is undefined - Does not change field and calls next" time="0">
    </testcase>
  </testsuite>
  <testsuite name="app insights compatibility" errors="0" failures="0" skipped="0" timestamp="2023-11-06T17:13:01" time="0.118" tests="1">
    <testcase classname="app insights compatibility uses bunyan v1" name="app insights compatibility uses bunyan v1" time="0.002">
    </testcase>
  </testsuite>
  <testsuite name="getLatestAssessment" errors="0" failures="0" skipped="0" timestamp="2023-11-06T17:13:01" time="0.128" tests="3">
    <testcase classname="getLatestAssessment On error - Throws error" name="getLatestAssessment On error - Throws error" time="0.002">
    </testcase>
    <testcase classname="getLatestAssessment On error - 404 - Calls next without error" name="getLatestAssessment On error - 404 - Calls next without error" time="0">
    </testcase>
    <testcase classname="getLatestAssessment On success - Returns correct data" name="getLatestAssessment On success - Returns correct data" time="0">
    </testcase>
  </testsuite>
  <testsuite name="buildSortUrl" errors="0" failures="0" skipped="0" timestamp="2023-11-06T17:13:02" time="0.109" tests="7">
    <testcase classname="buildSortUrl should return the correct URL when called with no query parameters" name="buildSortUrl should return the correct URL when called with no query parameters" time="0.002">
    </testcase>
    <testcase classname="buildSortUrl should return the correct URL when called with existing query parameters" name="buildSortUrl should return the correct URL when called with existing query parameters" time="0.001">
    </testcase>
    <testcase classname="buildSortUrl should return the correct URL when called with sortField already in query" name="buildSortUrl should return the correct URL when called with sortField already in query" time="0">
    </testcase>
    <testcase classname="buildSortUrl should return the correct URL when called with sortField already in query and order is none" name="buildSortUrl should return the correct URL when called with sortField already in query and order is none" time="0">
    </testcase>
    <testcase classname="buildSortUrl should return the correct URL when called with sortField already in query and order is ascending" name="buildSortUrl should return the correct URL when called with sortField already in query and order is ascending" time="0.001">
    </testcase>
    <testcase classname="buildSortUrl should return the correct URL when called with sortField already in query and order is descending" name="buildSortUrl should return the correct URL when called with sortField already in query and order is descending" time="0">
    </testcase>
    <testcase classname="buildSortUrl should return the correct URL when called with sortField equal to defaultSort" name="buildSortUrl should return the correct URL when called with sortField equal to defaultSort" time="0">
    </testcase>
  </testsuite>
</testsuites>